<?xml version="1.0" encoding="UTF-8"?>
<!-- Generated by org.testng.reporters.JUnitReportReporter -->
<testsuite skipped="0" hostname="BDC6-D-84JMX52" name="testngdemos.googletest" tests="1" failures="0" timestamp="2020-01-24T08:50:03 IST" time="0.007" errors="0">
  <testcase name="googletest1" time="0.007" classname="testngdemos.googletest"/>
</testsuite> <!-- testngdemos.googletest -->
