<?xml version="1.0" encoding="UTF-8"?>
<!-- Generated by org.testng.reporters.JUnitReportReporter -->
<testsuite skipped="0" hostname="BDC6-D-84JMX52" name="testngdemos.twodimension" tests="3" failures="0" timestamp="2020-01-21T16:23:10 IST" time="0.016" errors="0">
  <testcase name="DataInfo" time="0.002" classname="testngdemos.twodimension"/>
  <testcase name="DataInfo" time="0.009" classname="testngdemos.twodimension"/>
  <testcase name="DataInfo" time="0.005" classname="testngdemos.twodimension"/>
</testsuite> <!-- testngdemos.twodimension -->
