<?xml version="1.0" encoding="UTF-8"?>
<!-- Generated by org.testng.reporters.JUnitReportReporter -->
<testsuite skipped="0" hostname="BDC6-D-84JMX52" name="testngdemos.NewTest" tests="6" failures="0" timestamp="2020-01-21T16:29:31 IST" time="0.018" errors="0">
  <testcase name="client1test" time="0.009" classname="testngdemos.NewTest"/>
  <testcase name="client2test" time="0.003" classname="testngdemos.NewTest"/>
  <testcase name="client1test" time="0.002" classname="testngdemos.NewTest"/>
  <testcase name="client2test" time="0.001" classname="testngdemos.NewTest"/>
  <testcase name="client1test" time="0.001" classname="testngdemos.NewTest"/>
  <testcase name="client2test" time="0.002" classname="testngdemos.NewTest"/>
</testsuite> <!-- testngdemos.NewTest -->
