<?xml version="1.0" encoding="UTF-8"?>
<!-- Generated by org.testng.reporters.JUnitReportReporter -->
<testsuite skipped="0" hostname="BDC6-D-84JMX52" name="testngdemos.sampletest" tests="4" failures="0" timestamp="2020-01-22T09:40:29 IST" time="43.845" errors="0">
  <testcase name="signonpage" time="17.972" classname="testngdemos.sampletest"/>
  <testcase name="contactpage" time="8.597" classname="testngdemos.sampletest"/>
  <testcase name="supportpage" time="8.680" classname="testngdemos.sampletest"/>
  <testcase name="registerpage" time="8.596" classname="testngdemos.sampletest"/>
</testsuite> <!-- testngdemos.sampletest -->
