<?xml version="1.0" encoding="UTF-8"?>
<!-- Generated by org.testng.reporters.JUnitReportReporter -->
<testsuite skipped="0" hostname="BDC6-D-84JMX52" name="testngdemos.firsttest" tests="1" failures="0" timestamp="2020-01-21T16:56:03 IST" time="8.436" errors="0">
  <testcase name="verifyHomepageTitle" time="8.436" classname="testngdemos.firsttest"/>
</testsuite> <!-- testngdemos.firsttest -->
