<?xml version="1.0" encoding="UTF-8"?>
<!-- Generated by org.testng.reporters.JUnitReportReporter -->
<testsuite skipped="0" hostname="BDC6-D-84JMX52" name="Casestudy.casestudy1" tests="4" failures="0" timestamp="2020-01-28T18:39:54 IST" time="9.861" errors="0">
  <testcase name="testRegistration" time="1.403" classname="Casestudy.casestudy1"/>
  <testcase name="testLogin" time="0.992" classname="Casestudy.casestudy1"/>
  <testcase name="testCart" time="1.410" classname="Casestudy.casestudy1"/>
  <testcase name="testPayment" time="6.056" classname="Casestudy.casestudy1"/>
</testsuite> <!-- Casestudy.casestudy1 -->
