<?xml version="1.0" encoding="UTF-8"?>
<!-- Generated by org.testng.reporters.JUnitReportReporter -->
<testsuite skipped="0" hostname="BDC6-D-84JMX52" name="testngdemos.mercurytours" tests="3" failures="0" timestamp="2020-01-22T09:40:29 IST" time="28.618" errors="0">
  <testcase name="testlogin" time="9.230" classname="testngdemos.mercurytours"/>
  <testcase name="testlogin" time="8.917" classname="testngdemos.mercurytours"/>
  <testcase name="testlogin" time="10.471" classname="testngdemos.mercurytours"/>
</testsuite> <!-- testngdemos.mercurytours -->
